[0425/171642.027:ERROR:process_memory_win.cc(73)] ReadMemory at 0x1db2e4a0000 of 64 bytes failed: Only part of a ReadProcessMemory or WriteProcessMemory request was completed. (0x12B)
[0425/171642.057:WARNING:pe_image_reader.cc(340)] could not read dos header from C:\WINDOWS\System32\advapi32.dll
[0425/171642.057:ERROR:process_memory_win.cc(73)] ReadMemory at 0x7ff93eb80000 of 64 bytes failed: Only part of a ReadProcessMemory or WriteProcessMemory request was completed. (0x12B)
[0425/171642.057:WARNING:pe_image_reader.cc(340)] could not read dos header from C:\Program Files (x86)\Google\Chrome\Application\73.0.3683.103\chrome_elf.dll
[0425/171642.057:ERROR:process_memory_win.cc(73)] ReadMemory at 0x1db2e5a0000 of 64 bytes failed: Only part of a ReadProcessMemory or WriteProcessMemory request was completed. (0x12B)
[0425/171642.058:WARNING:pe_image_reader.cc(340)] could not read dos header from C:\WINDOWS\System32\IMM32.DLL
[0425/171642.058:ERROR:process_memory_win.cc(73)] ReadMemory at 0x7ff9248f0000 of 64 bytes failed: Only part of a ReadProcessMemory or WriteProcessMemory request was completed. (0x12B)
[0425/171642.058:WARNING:pe_image_reader.cc(340)] could not read dos header from C:\Program Files (x86)\Google\Chrome\Application\73.0.3683.103\chrome_child.dll
[0425/171642.059:ERROR:process_memory_win.cc(73)] ReadMemory at 0x7ff963700000 of 64 bytes failed: Only part of a ReadProcessMemory or WriteProcessMemory request was completed. (0x12B)
[0425/171642.059:WARNING:pe_image_reader.cc(340)] could not read dos header from C:\WINDOWS\SYSTEM32\DWrite.dll
[0425/171642.059:ERROR:process_memory_win.cc(73)] ReadMemory at 0x7ff94b330000 of 64 bytes failed: Only part of a ReadProcessMemory or WriteProcessMemory request was completed. (0x12B)
[0425/171642.059:WARNING:pe_image_reader.cc(340)] could not read dos header from C:\WINDOWS\SYSTEM32\USP10.dll
[0425/171642.059:ERROR:process_memory_win.cc(73)] ReadMemory at 0x7ff9605e0000 of 64 bytes failed: Only part of a ReadProcessMemory or WriteProcessMemory request was completed. (0x12B)
[0425/171642.059:WARNING:pe_image_reader.cc(340)] could not read dos header from C:\WINDOWS\WinSxS\amd64_microsoft.windows.common-controls_6595b64144ccf1df_6.0.17134.706_none_fb43a2cb30647007\COMCTL32.dll
[0425/171642.110:ERROR:process_memory_win.cc(73)] ReadMemory at 0x98251e5000 of 110592 bytes failed: Only part of a ReadProcessMemory or WriteProcessMemory request was completed. (0x12B)
[0425/171642.110:ERROR:process_memory_win.cc(73)] ReadMemory at 0x98253ff000 of 4096 bytes failed: Only part of a ReadProcessMemory or WriteProcessMemory request was completed. (0x12B)
[0425/171642.111:ERROR:process_memory_win.cc(73)] ReadMemory at 0x98255fe000 of 8192 bytes failed: Only part of a ReadProcessMemory or WriteProcessMemory request was completed. (0x12B)
[0425/171642.111:ERROR:process_memory_win.cc(73)] ReadMemory at 0x98257fd000 of 12288 bytes failed: Only part of a ReadProcessMemory or WriteProcessMemory request was completed. (0x12B)
[0425/171642.111:ERROR:process_memory_win.cc(73)] ReadMemory at 0x98259f7000 of 36864 bytes failed: Only part of a ReadProcessMemory or WriteProcessMemory request was completed. (0x12B)
[0425/171642.111:ERROR:process_memory_win.cc(73)] ReadMemory at 0x9825bfe000 of 8192 bytes failed: Only part of a ReadProcessMemory or WriteProcessMemory request was completed. (0x12B)
[0425/171642.111:ERROR:process_memory_win.cc(73)] ReadMemory at 0x9825dfe000 of 8192 bytes failed: Only part of a ReadProcessMemory or WriteProcessMemory request was completed. (0x12B)
[0425/171642.111:ERROR:process_memory_win.cc(73)] ReadMemory at 0x9825ffd000 of 12288 bytes failed: Only part of a ReadProcessMemory or WriteProcessMemory request was completed. (0x12B)
[0425/171642.111:ERROR:process_memory_win.cc(73)] ReadMemory at 0x98261fe000 of 8192 bytes failed: Only part of a ReadProcessMemory or WriteProcessMemory request was completed. (0x12B)
[0425/171642.111:ERROR:process_memory_win.cc(73)] ReadMemory at 0x98263fe000 of 8192 bytes failed: Only part of a ReadProcessMemory or WriteProcessMemory request was completed. (0x12B)
[0425/171642.111:ERROR:process_memory_win.cc(73)] ReadMemory at 0x98265fc000 of 16384 bytes failed: Only part of a ReadProcessMemory or WriteProcessMemory request was completed. (0x12B)
[0425/171642.111:ERROR:process_memory_win.cc(73)] ReadMemory at 0x98267e9000 of 94208 bytes failed: Only part of a ReadProcessMemory or WriteProcessMemory request was completed. (0x12B)
[0425/171642.112:ERROR:process_memory_win.cc(73)] ReadMemory at 0x98269e8000 of 98304 bytes failed: Only part of a ReadProcessMemory or WriteProcessMemory request was completed. (0x12B)
[0425/171642.112:ERROR:process_memory_win.cc(73)] ReadMemory at 0x9826bfe000 of 8192 bytes failed: Only part of a ReadProcessMemory or WriteProcessMemory request was completed. (0x12B)
[0425/171642.112:ERROR:process_memory_win.cc(73)] ReadMemory at 0x9826dfd000 of 12288 bytes failed: Only part of a ReadProcessMemory or WriteProcessMemory request was completed. (0x12B)
[0425/171642.112:ERROR:process_memory_win.cc(73)] ReadMemory at 0x9826ffe000 of 8192 bytes failed: Only part of a ReadProcessMemory or WriteProcessMemory request was completed. (0x12B)
[0425/171642.112:ERROR:process_memory_win.cc(73)] ReadMemory at 0x98271fe000 of 8192 bytes failed: Only part of a ReadProcessMemory or WriteProcessMemory request was completed. (0x12B)
[0425/171642.112:ERROR:process_memory_win.cc(73)] ReadMemory at 0x9824f7b000 of 852 bytes failed: Only part of a ReadProcessMemory or WriteProcessMemory request was completed. (0x12B)
[0425/171642.112:ERROR:process_memory_win.cc(73)] ReadMemory at 0x9824f7c000 of 6024 bytes failed: Only part of a ReadProcessMemory or WriteProcessMemory request was completed. (0x12B)
[0425/171642.112:ERROR:process_memory_win.cc(73)] ReadMemory at 0x9824f7e000 of 6024 bytes failed: Only part of a ReadProcessMemory or WriteProcessMemory request was completed. (0x12B)
[0425/171642.112:ERROR:process_memory_win.cc(73)] ReadMemory at 0x9824f80000 of 6024 bytes failed: Only part of a ReadProcessMemory or WriteProcessMemory request was completed. (0x12B)
[0425/171642.112:ERROR:process_memory_win.cc(73)] ReadMemory at 0x9824f82000 of 6024 bytes failed: Only part of a ReadProcessMemory or WriteProcessMemory request was completed. (0x12B)
[0425/171642.112:ERROR:process_memory_win.cc(73)] ReadMemory at 0x9824f84000 of 6024 bytes failed: Only part of a ReadProcessMemory or WriteProcessMemory request was completed. (0x12B)
[0425/171642.112:ERROR:process_memory_win.cc(73)] ReadMemory at 0x9824f86000 of 6024 bytes failed: Only part of a ReadProcessMemory or WriteProcessMemory request was completed. (0x12B)
[0425/171642.113:ERROR:process_memory_win.cc(73)] ReadMemory at 0x9824f88000 of 6024 bytes failed: Only part of a ReadProcessMemory or WriteProcessMemory request was completed. (0x12B)
[0425/171642.113:ERROR:process_memory_win.cc(73)] ReadMemory at 0x9824f8a000 of 6024 bytes failed: Only part of a ReadProcessMemory or WriteProcessMemory request was completed. (0x12B)
[0425/171642.113:ERROR:process_memory_win.cc(73)] ReadMemory at 0x9824f8c000 of 6024 bytes failed: Only part of a ReadProcessMemory or WriteProcessMemory request was completed. (0x12B)
[0425/171642.113:ERROR:process_memory_win.cc(73)] ReadMemory at 0x9824f8e000 of 6024 bytes failed: Only part of a ReadProcessMemory or WriteProcessMemory request was completed. (0x12B)
[0425/171642.113:ERROR:process_memory_win.cc(73)] ReadMemory at 0x9824f90000 of 6024 bytes failed: Only part of a ReadProcessMemory or WriteProcessMemory request was completed. (0x12B)
[0425/171642.113:ERROR:process_memory_win.cc(73)] ReadMemory at 0x9824f92000 of 6024 bytes failed: Only part of a ReadProcessMemory or WriteProcessMemory request was completed. (0x12B)
[0425/171642.113:ERROR:process_memory_win.cc(73)] ReadMemory at 0x9824f94000 of 6024 bytes failed: Only part of a ReadProcessMemory or WriteProcessMemory request was completed. (0x12B)
[0425/171642.113:ERROR:process_memory_win.cc(73)] ReadMemory at 0x9824f96000 of 6024 bytes failed: Only part of a ReadProcessMemory or WriteProcessMemory request was completed. (0x12B)
[0425/171642.113:ERROR:process_memory_win.cc(73)] ReadMemory at 0x9824f98000 of 6024 bytes failed: Only part of a ReadProcessMemory or WriteProcessMemory request was completed. (0x12B)
[0425/171642.113:ERROR:process_memory_win.cc(73)] ReadMemory at 0x9824f9a000 of 6024 bytes failed: Only part of a ReadProcessMemory or WriteProcessMemory request was completed. (0x12B)
[0425/171642.113:ERROR:process_memory_win.cc(73)] ReadMemory at 0x9824f9c000 of 6024 bytes failed: Only part of a ReadProcessMemory or WriteProcessMemory request was completed. (0x12B)
[0425/171642.113:ERROR:process_memory_win.cc(73)] ReadMemory at 0x1db2e3a0000 of 384 bytes failed: Only part of a ReadProcessMemory or WriteProcessMemory request was completed. (0x12B)
[0425/171642.114:ERROR:process_memory_win.cc(73)] ReadMemory at 0x1db2e3a0ab0 of 512 bytes failed: Only part of a ReadProcessMemory or WriteProcessMemory request was completed. (0x12B)
[0425/171642.114:ERROR:process_memory_win.cc(73)] ReadMemory at 0x1db2e3a0fc0 of 3944 bytes failed: Only part of a ReadProcessMemory or WriteProcessMemory request was completed. (0x12B)
[0425/171642.114:ERROR:process_memory_win.cc(73)] ReadMemory at 0x1db2e3a1f30 of 1012 bytes failed: Only part of a ReadProcessMemory or WriteProcessMemory request was completed. (0x12B)
[0425/171642.114:ERROR:process_memory_win.cc(73)] ReadMemory at 0x1db2e3a2548 of 118 bytes failed: Only part of a ReadProcessMemory or WriteProcessMemory request was completed. (0x12B)
[0425/171642.114:ERROR:process_memory_win.cc(73)] ReadMemory at 0x1db2e3a25c0 of 1486 bytes failed: Only part of a ReadProcessMemory or WriteProcessMemory request was completed. (0x12B)
[0425/171642.114:ERROR:process_memory_win.cc(73)] ReadMemory at 0x1db2e3a2b90 of 118 bytes failed: Only part of a ReadProcessMemory or WriteProcessMemory request was completed. (0x12B)
[0425/171642.114:ERROR:process_memory_win.cc(73)] ReadMemory at 0x1db2e3a2c08 of 96 bytes failed: Only part of a ReadProcessMemory or WriteProcessMemory request was completed. (0x12B)
[0425/171642.114:ERROR:process_memory_win.cc(73)] ReadMemory at 0x1db2e3a2c80 of 58 bytes failed: Only part of a ReadProcessMemory or WriteProcessMemory request was completed. (0x12B)
[0425/171642.114:ERROR:process_memory_win.cc(73)] ReadMemory at 0x1db2e3a2d80 of 132 bytes failed: Only part of a ReadProcessMemory or WriteProcessMemory request was completed. (0x12B)
[0425/171642.114:ERROR:process_memory_win.cc(73)] ReadMemory at 0x1db2e3a2f10 of 132 bytes failed: Only part of a ReadProcessMemory or WriteProcessMemory request was completed. (0x12B)
[0425/171642.114:ERROR:process_memory_win.cc(73)] ReadMemory at 0x1db2e3a30d0 of 126 bytes failed: Only part of a ReadProcessMemory or WriteProcessMemory request was completed. (0x12B)
[0425/171642.114:ERROR:process_memory_win.cc(73)] ReadMemory at 0x1db2e3a34b0 of 132 bytes failed: Only part of a ReadProcessMemory or WriteProcessMemory request was completed. (0x12B)
[0425/171642.114:ERROR:process_memory_win.cc(73)] ReadMemory at 0x1db2e3a3640 of 64 bytes failed: Only part of a ReadProcessMemory or WriteProcessMemory request was completed. (0x12B)
[0425/171642.114:ERROR:process_memory_win.cc(73)] ReadMemory at 0x1db2e3a37a0 of 132 bytes failed: Only part of a ReadProcessMemory or WriteProcessMemory request was completed. (0x12B)
[0425/171642.114:ERROR:process_memory_win.cc(73)] ReadMemory at 0x1db2e3a39a0 of 62 bytes failed: Only part of a ReadProcessMemory or WriteProcessMemory request was completed. (0x12B)
[0425/171642.114:ERROR:process_memory_win.cc(73)] ReadMemory at 0x1db2e3a3a90 of 132 bytes failed: Only part of a ReadProcessMemory or WriteProcessMemory request was completed. (0x12B)
[0425/171642.114:ERROR:process_memory_win.cc(73)] ReadMemory at 0x1db2e3a3c20 of 68 bytes failed: Only part of a ReadProcessMemory or WriteProcessMemory request was completed. (0x12B)
[0425/171642.114:ERROR:process_memory_win.cc(73)] ReadMemory at 0x1db2e3a9e20 of 132 bytes failed: Only part of a ReadProcessMemory or WriteProcessMemory request was completed. (0x12B)
[0425/171642.115:ERROR:process_memory_win.cc(73)] ReadMemory at 0x1db2e3aa030 of 132 bytes failed: Only part of a ReadProcessMemory or WriteProcessMemory request was completed. (0x12B)
[0425/171642.115:ERROR:process_memory_win.cc(73)] ReadMemory at 0x1db2e3aa160 of 62 bytes failed: Only part of a ReadProcessMemory or WriteProcessMemory request was completed. (0x12B)
[0425/171642.115:ERROR:process_memory_win.cc(73)] ReadMemory at 0x1db2e3aa390 of 246 bytes failed: Only part of a ReadProcessMemory or WriteProcessMemory request was completed. (0x12B)
[0425/171642.115:ERROR:process_memory_win.cc(73)] ReadMemory at 0x1db2e3aa530 of 132 bytes failed: Only part of a ReadProcessMemory or WriteProcessMemory request was completed. (0x12B)
[0425/171642.115:ERROR:process_memory_win.cc(73)] ReadMemory at 0x1db2e3aa6c0 of 60 bytes failed: Only part of a ReadProcessMemory or WriteProcessMemory request was completed. (0x12B)
[0425/171642.115:ERROR:process_memory_win.cc(73)] ReadMemory at 0x1db2e3ac0e0 of 132 bytes failed: Only part of a ReadProcessMemory or WriteProcessMemory request was completed. (0x12B)
[0425/171642.115:ERROR:process_memory_win.cc(73)] ReadMemory at 0x1db2e3ac210 of 64 bytes failed: Only part of a ReadProcessMemory or WriteProcessMemory request was completed. (0x12B)
[0425/171642.115:ERROR:process_memory_win.cc(73)] ReadMemory at 0x1db2e3ac490 of 132 bytes failed: Only part of a ReadProcessMemory or WriteProcessMemory request was completed. (0x12B)
[0425/171642.115:ERROR:process_memory_win.cc(73)] ReadMemory at 0x1db2e3ac620 of 64 bytes failed: Only part of a ReadProcessMemory or WriteProcessMemory request was completed. (0x12B)
[0425/171642.115:ERROR:process_memory_win.cc(73)] ReadMemory at 0x1db2e3ac880 of 132 bytes failed: Only part of a ReadProcessMemory or WriteProcessMemory request was completed. (0x12B)
[0425/171642.116:ERROR:process_memory_win.cc(73)] ReadMemory at 0x1db2e3aca10 of 60 bytes failed: Only part of a ReadProcessMemory or WriteProcessMemory request was completed. (0x12B)
[0425/171642.116:ERROR:process_memory_win.cc(73)] ReadMemory at 0x1db2e3acd30 of 132 bytes failed: Only part of a ReadProcessMemory or WriteProcessMemory request was completed. (0x12B)
[0425/171642.116:ERROR:process_memory_win.cc(73)] ReadMemory at 0x1db2e3acec0 of 60 bytes failed: Only part of a ReadProcessMemory or WriteProcessMemory request was completed. (0x12B)
[0425/171642.116:ERROR:process_memory_win.cc(73)] ReadMemory at 0x1db2e3ad100 of 132 bytes failed: Only part of a ReadProcessMemory or WriteProcessMemory request was completed. (0x12B)
[0425/171642.116:ERROR:process_memory_win.cc(73)] ReadMemory at 0x1db2e3ad290 of 62 bytes failed: Only part of a ReadProcessMemory or WriteProcessMemory request was completed. (0x12B)
[0425/171642.116:ERROR:process_memory_win.cc(73)] ReadMemory at 0x1db2e3adde0 of 132 bytes failed: Only part of a ReadProcessMemory or WriteProcessMemory request was completed. (0x12B)
[0425/171642.116:ERROR:process_memory_win.cc(73)] ReadMemory at 0x1db2e3ae020 of 78 bytes failed: Only part of a ReadProcessMemory or WriteProcessMemory request was completed. (0x12B)
[0425/171642.116:ERROR:process_memory_win.cc(73)] ReadMemory at 0x1db2e3ae560 of 76 bytes failed: Only part of a ReadProcessMemory or WriteProcessMemory request was completed. (0x12B)
[0425/171642.116:ERROR:process_memory_win.cc(73)] ReadMemory at 0x1db2e3ae680 of 80 bytes failed: Only part of a ReadProcessMemory or WriteProcessMemory request was completed. (0x12B)
[0425/171642.116:ERROR:process_memory_win.cc(73)] ReadMemory at 0x1db2e3ae910 of 132 bytes failed: Only part of a ReadProcessMemory or WriteProcessMemory request was completed. (0x12B)
[0425/171642.116:ERROR:process_memory_win.cc(73)] ReadMemory at 0x1db2e3ae9c0 of 512 bytes failed: Only part of a ReadProcessMemory or WriteProcessMemory request was completed. (0x12B)
[0425/171642.116:ERROR:process_memory_win.cc(73)] ReadMemory at 0x1db2e3aedf0 of 132 bytes failed: Only part of a ReadProcessMemory or WriteProcessMemory request was completed. (0x12B)
[0425/171642.116:ERROR:process_memory_win.cc(73)] ReadMemory at 0x1db2e3af010 of 66 bytes failed: Only part of a ReadProcessMemory or WriteProcessMemory request was completed. (0x12B)
[0425/171642.117:ERROR:process_memory_win.cc(73)] ReadMemory at 0x1db2e3af100 of 62 bytes failed: Only part of a ReadProcessMemory or WriteProcessMemory request was completed. (0x12B)
[0425/171642.117:ERROR:process_memory_win.cc(73)] ReadMemory at 0x1db2e3af150 of 58 bytes failed: Only part of a ReadProcessMemory or WriteProcessMemory request was completed. (0x12B)
[0425/171642.117:ERROR:process_memory_win.cc(73)] ReadMemory at 0x1db2e3af1a0 of 62 bytes failed: Only part of a ReadProcessMemory or WriteProcessMemory request was completed. (0x12B)
[0425/171642.117:ERROR:process_memory_win.cc(73)] ReadMemory at 0x1db2e3af1f0 of 66 bytes failed: Only part of a ReadProcessMemory or WriteProcessMemory request was completed. (0x12B)
[0425/171642.117:ERROR:process_memory_win.cc(73)] ReadMemory at 0x1db2e3af240 of 66 bytes failed: Only part of a ReadProcessMemory or WriteProcessMemory request was completed. (0x12B)
[0425/171642.117:ERROR:process_memory_win.cc(73)] ReadMemory at 0x1db2e3af290 of 64 bytes failed: Only part of a ReadProcessMemory or WriteProcessMemory request was completed. (0x12B)
[0425/171642.117:ERROR:process_memory_win.cc(73)] ReadMemory at 0x1db2e3af380 of 64 bytes failed: Only part of a ReadProcessMemory or WriteProcessMemory request was completed. (0x12B)
[0425/171642.117:ERROR:process_memory_win.cc(73)] ReadMemory at 0x1db2e3af4c0 of 62 bytes failed: Only part of a ReadProcessMemory or WriteProcessMemory request was completed. (0x12B)
[0425/171642.117:ERROR:process_memory_win.cc(73)] ReadMemory at 0x1db2e3af510 of 60 bytes failed: Only part of a ReadProcessMemory or WriteProcessMemory request was completed. (0x12B)
[0425/171642.117:ERROR:process_memory_win.cc(73)] ReadMemory at 0x1db2e3af560 of 58 bytes failed: Only part of a ReadProcessMemory or WriteProcessMemory request was completed. (0x12B)
[0425/171642.117:ERROR:process_memory_win.cc(73)] ReadMemory at 0x1db2e3af5b0 of 60 bytes failed: Only part of a ReadProcessMemory or WriteProcessMemory request was completed. (0x12B)
[0425/171642.117:ERROR:process_memory_win.cc(73)] ReadMemory at 0x1db2e3af600 of 62 bytes failed: Only part of a ReadProcessMemory or WriteProcessMemory request was completed. (0x12B)
[0425/171642.118:ERROR:process_memory_win.cc(73)] ReadMemory at 0x1db2e3af650 of 62 bytes failed: Only part of a ReadProcessMemory or WriteProcessMemory request was completed. (0x12B)
[0425/171642.118:ERROR:process_memory_win.cc(73)] ReadMemory at 0x1db2e3af6a0 of 60 bytes failed: Only part of a ReadProcessMemory or WriteProcessMemory request was completed. (0x12B)
[0425/171642.118:ERROR:process_memory_win.cc(73)] ReadMemory at 0x1db2e3b0850 of 132 bytes failed: Only part of a ReadProcessMemory or WriteProcessMemory request was completed. (0x12B)
[0425/171642.118:ERROR:process_memory_win.cc(73)] ReadMemory at 0x1db2e3b0980 of 158 bytes failed: Only part of a ReadProcessMemory or WriteProcessMemory request was completed. (0x12B)
[0425/171642.118:ERROR:process_memory_win.cc(73)] ReadMemory at 0x1db2e3b0aa0 of 132 bytes failed: Only part of a ReadProcessMemory or WriteProcessMemory request was completed. (0x12B)
[0425/171642.118:ERROR:process_memory_win.cc(73)] ReadMemory at 0x1db2e3b0bd0 of 132 bytes failed: Only part of a ReadProcessMemory or WriteProcessMemory request was completed. (0x12B)
[0425/171642.118:ERROR:process_memory_win.cc(73)] ReadMemory at 0x1db2e3b0d00 of 132 bytes failed: Only part of a ReadProcessMemory or WriteProcessMemory request was completed. (0x12B)
[0425/171642.118:ERROR:process_memory_win.cc(73)] ReadMemory at 0x1db2e3b0e30 of 132 bytes failed: Only part of a ReadProcessMemory or WriteProcessMemory request was completed. (0x12B)
[0425/171642.118:ERROR:process_memory_win.cc(73)] ReadMemory at 0x1db2e3b0f60 of 132 bytes failed: Only part of a ReadProcessMemory or WriteProcessMemory request was completed. (0x12B)
[0425/171642.118:ERROR:process_memory_win.cc(73)] ReadMemory at 0x1db2e3b1090 of 132 bytes failed: Only part of a ReadProcessMemory or WriteProcessMemory request was completed. (0x12B)
[0425/171642.118:ERROR:process_memory_win.cc(73)] ReadMemory at 0x1db2e3b11c0 of 132 bytes failed: Only part of a ReadProcessMemory or WriteProcessMemory request was completed. (0x12B)
[0425/171642.118:ERROR:process_memory_win.cc(73)] ReadMemory at 0x1db2e3b12f0 of 132 bytes failed: Only part of a ReadProcessMemory or WriteProcessMemory request was completed. (0x12B)
[0425/171642.118:ERROR:process_memory_win.cc(73)] ReadMemory at 0x1db2e3b1420 of 132 bytes failed: Only part of a ReadProcessMemory or WriteProcessMemory request was completed. (0x12B)
[0425/171642.118:ERROR:process_memory_win.cc(73)] ReadMemory at 0x1db2e3b1550 of 132 bytes failed: Only part of a ReadProcessMemory or WriteProcessMemory request was completed. (0x12B)
[0425/171642.118:ERROR:process_memory_win.cc(73)] ReadMemory at 0x1db2e3b1680 of 132 bytes failed: Only part of a ReadProcessMemory or WriteProcessMemory request was completed. (0x12B)
[0425/171642.119:ERROR:process_memory_win.cc(73)] ReadMemory at 0x1db2e3b17b0 of 132 bytes failed: Only part of a ReadProcessMemory or WriteProcessMemory request was completed. (0x12B)
[0425/171642.119:ERROR:process_memory_win.cc(73)] ReadMemory at 0x1db2e3b18e0 of 132 bytes failed: Only part of a ReadProcessMemory or WriteProcessMemory request was completed. (0x12B)
[0425/171642.119:ERROR:process_memory_win.cc(73)] ReadMemory at 0x1db2e3b33d0 of 154 bytes failed: Only part of a ReadProcessMemory or WriteProcessMemory request was completed. (0x12B)
[0425/171642.119:ERROR:process_memory_win.cc(73)] ReadMemory at 0x1db2e3b4ce0 of 132 bytes failed: Only part of a ReadProcessMemory or WriteProcessMemory request was completed. (0x12B)
[0425/171642.119:ERROR:process_memory_win.cc(73)] ReadMemory at 0x1db2e3b4e10 of 132 bytes failed: Only part of a ReadProcessMemory or WriteProcessMemory request was completed. (0x12B)
[0425/171642.119:ERROR:process_memory_win.cc(73)] ReadMemory at 0x1db2e3b4f40 of 132 bytes failed: Only part of a ReadProcessMemory or WriteProcessMemory request was completed. (0x12B)
[0425/171642.119:ERROR:process_memory_win.cc(73)] ReadMemory at 0x1db2e3b5070 of 132 bytes failed: Only part of a ReadProcessMemory or WriteProcessMemory request was completed. (0x12B)
[0425/171642.119:ERROR:process_memory_win.cc(73)] ReadMemory at 0x1db2e3b51a0 of 132 bytes failed: Only part of a ReadProcessMemory or WriteProcessMemory request was completed. (0x12B)
[0425/171642.119:ERROR:process_memory_win.cc(73)] ReadMemory at 0x1db2e3b52d0 of 132 bytes failed: Only part of a ReadProcessMemory or WriteProcessMemory request was completed. (0x12B)
[0425/171642.119:ERROR:process_memory_win.cc(73)] ReadMemory at 0x1db2e3b5400 of 132 bytes failed: Only part of a ReadProcessMemory or WriteProcessMemory request was completed. (0x12B)
[0425/171642.119:ERROR:process_memory_win.cc(73)] ReadMemory at 0x1db2e3b5530 of 132 bytes failed: Only part of a ReadProcessMemory or WriteProcessMemory request was completed. (0x12B)
[0425/171642.119:ERROR:process_memory_win.cc(73)] ReadMemory at 0x1db2e3b5790 of 132 bytes failed: Only part of a ReadProcessMemory or WriteProcessMemory request was completed. (0x12B)
[0425/171642.119:ERROR:process_memory_win.cc(73)] ReadMemory at 0x1db2e3b58c0 of 132 bytes failed: Only part of a ReadProcessMemory or WriteProcessMemory request was completed. (0x12B)
[0425/171642.119:ERROR:process_memory_win.cc(73)] ReadMemory at 0x1db2e3b59f0 of 132 bytes failed: Only part of a ReadProcessMemory or WriteProcessMemory request was completed. (0x12B)
[0425/171642.119:ERROR:process_memory_win.cc(73)] ReadMemory at 0x1db2e3b5c50 of 132 bytes failed: Only part of a ReadProcessMemory or WriteProcessMemory request was completed. (0x12B)
[0425/171642.119:ERROR:process_memory_win.cc(73)] ReadMemory at 0x1db2e3b5d80 of 132 bytes failed: Only part of a ReadProcessMemory or WriteProcessMemory request was completed. (0x12B)
[0425/171642.119:ERROR:process_memory_win.cc(73)] ReadMemory at 0x1db2e3b5eb0 of 132 bytes failed: Only part of a ReadProcessMemory or WriteProcessMemory request was completed. (0x12B)
[0425/171642.120:ERROR:process_memory_win.cc(73)] ReadMemory at 0x1db2e3b5fe0 of 132 bytes failed: Only part of a ReadProcessMemory or WriteProcessMemory request was completed. (0x12B)
[0425/171642.120:ERROR:process_memory_win.cc(73)] ReadMemory at 0x1db2e3b6110 of 132 bytes failed: Only part of a ReadProcessMemory or WriteProcessMemory request was completed. (0x12B)
[0425/171642.120:ERROR:process_memory_win.cc(73)] ReadMemory at 0x1db2e3b6240 of 132 bytes failed: Only part of a ReadProcessMemory or WriteProcessMemory request was completed. (0x12B)
[0425/171642.120:ERROR:process_memory_win.cc(73)] ReadMemory at 0x1db2e3b64a0 of 132 bytes failed: Only part of a ReadProcessMemory or WriteProcessMemory request was completed. (0x12B)
[0425/171642.120:ERROR:process_memory_win.cc(73)] ReadMemory at 0x1db2e3b65d0 of 132 bytes failed: Only part of a ReadProcessMemory or WriteProcessMemory request was completed. (0x12B)
[0425/171642.120:ERROR:process_memory_win.cc(73)] ReadMemory at 0x1db2e3b6700 of 132 bytes failed: Only part of a ReadProcessMemory or WriteProcessMemory request was completed. (0x12B)
[0425/171642.120:ERROR:process_memory_win.cc(73)] ReadMemory at 0x1db2e3b6830 of 132 bytes failed: Only part of a ReadProcessMemory or WriteProcessMemory request was completed. (0x12B)
[0425/171642.120:ERROR:process_memory_win.cc(73)] ReadMemory at 0x1db2e3b6960 of 132 bytes failed: Only part of a ReadProcessMemory or WriteProcessMemory request was completed. (0x12B)
[0425/171642.120:ERROR:process_memory_win.cc(73)] ReadMemory at 0x1db2e3b6a90 of 132 bytes failed: Only part of a ReadProcessMemory or WriteProcessMemory request was completed. (0x12B)
[0425/171642.120:ERROR:process_memory_win.cc(73)] ReadMemory at 0x1db2e3b8650 of 64 bytes failed: Only part of a ReadProcessMemory or WriteProcessMemory request was completed. (0x12B)
[0425/171642.120:ERROR:process_memory_win.cc(73)] ReadMemory at 0x1db2e3b86a0 of 64 bytes failed: Only part of a ReadProcessMemory or WriteProcessMemory request was completed. (0x12B)
[0425/171642.120:ERROR:process_memory_win.cc(73)] ReadMemory at 0x1db2e3b86f0 of 60 bytes failed: Only part of a ReadProcessMemory or WriteProcessMemory request was completed. (0x12B)
[0425/171642.120:ERROR:process_memory_win.cc(73)] ReadMemory at 0x1db2e3b8b00 of 58 bytes failed: Only part of a ReadProcessMemory or WriteProcessMemory request was completed. (0x12B)
[0425/171642.120:ERROR:process_memory_win.cc(73)] ReadMemory at 0x1db2e3b8c90 of 64 bytes failed: Only part of a ReadProcessMemory or WriteProcessMemory request was completed. (0x12B)
[0425/171642.120:ERROR:process_memory_win.cc(73)] ReadMemory at 0x1db2e3b8f60 of 66 bytes failed: Only part of a ReadProcessMemory or WriteProcessMemory request was completed. (0x12B)
[0425/171642.121:ERROR:process_memory_win.cc(73)] ReadMemory at 0x1db2e3b9190 of 60 bytes failed: Only part of a ReadProcessMemory or WriteProcessMemory request was completed. (0x12B)
[0425/171642.121:ERROR:process_memory_win.cc(73)] ReadMemory at 0x1db2e3b91e0 of 58 bytes failed: Only part of a ReadProcessMemory or WriteProcessMemory request was completed. (0x12B)
[0425/171642.121:ERROR:process_memory_win.cc(73)] ReadMemory at 0x1db2e3b9280 of 64 bytes failed: Only part of a ReadProcessMemory or WriteProcessMemory request was completed. (0x12B)
[0425/171642.121:ERROR:process_memory_win.cc(73)] ReadMemory at 0x1db2e3b92d0 of 60 bytes failed: Only part of a ReadProcessMemory or WriteProcessMemory request was completed. (0x12B)
[0425/171642.121:ERROR:process_memory_win.cc(73)] ReadMemory at 0x1db2e3b9320 of 62 bytes failed: Only part of a ReadProcessMemory or WriteProcessMemory request was completed. (0x12B)
[0425/171642.121:ERROR:process_memory_win.cc(73)] ReadMemory at 0x1db2e3c5410 of 54 bytes failed: Only part of a ReadProcessMemory or WriteProcessMemory request was completed. (0x12B)
[0425/171642.121:ERROR:process_memory_win.cc(73)] ReadMemory at 0x1db2e3c7610 of 62 bytes failed: Only part of a ReadProcessMemory or WriteProcessMemory request was completed. (0x12B)
[0425/171642.121:ERROR:process_memory_win.cc(73)] ReadMemory at 0x1db2e3c77a0 of 60 bytes failed: Only part of a ReadProcessMemory or WriteProcessMemory request was completed. (0x12B)
[0425/171642.121:ERROR:process_memory_win.cc(73)] ReadMemory at 0x1db2e3c78e0 of 64 bytes failed: Only part of a ReadProcessMemory or WriteProcessMemory request was completed. (0x12B)
[0425/171642.121:ERROR:process_memory_win.cc(73)] ReadMemory at 0x1db2e3c79d0 of 64 bytes failed: Only part of a ReadProcessMemory or WriteProcessMemory request was completed. (0x12B)
[0425/171642.121:ERROR:process_memory_win.cc(73)] ReadMemory at 0x1db2e3c7ac0 of 60 bytes failed: Only part of a ReadProcessMemory or WriteProcessMemory request was completed. (0x12B)
[0425/171642.121:ERROR:process_memory_win.cc(73)] ReadMemory at 0x1db2e3c7b60 of 62 bytes failed: Only part of a ReadProcessMemory or WriteProcessMemory request was completed. (0x12B)
[0425/171642.121:ERROR:process_memory_win.cc(73)] ReadMemory at 0x1db2e3c7c00 of 56 bytes failed: Only part of a ReadProcessMemory or WriteProcessMemory request was completed. (0x12B)
[0425/171642.121:ERROR:process_memory_win.cc(73)] ReadMemory at 0x1db2e3c7e30 of 58 bytes failed: Only part of a ReadProcessMemory or WriteProcessMemory request was completed. (0x12B)
[0425/171642.121:ERROR:process_memory_win.cc(73)] ReadMemory at 0x1db2e3c7e80 of 64 bytes failed: Only part of a ReadProcessMemory or WriteProcessMemory request was completed. (0x12B)
[0425/171642.121:ERROR:process_memory_win.cc(73)] ReadMemory at 0x1db2e3c8010 of 62 bytes failed: Only part of a ReadProcessMemory or WriteProcessMemory request was completed. (0x12B)
[0425/171642.121:ERROR:process_memory_win.cc(73)] ReadMemory at 0x1db2e3c81f0 of 62 bytes failed: Only part of a ReadProcessMemory or WriteProcessMemory request was completed. (0x12B)
[0425/171642.122:ERROR:process_memory_win.cc(73)] ReadMemory at 0x1db2e3c8330 of 62 bytes failed: Only part of a ReadProcessMemory or WriteProcessMemory request was completed. (0x12B)
[0425/171642.122:ERROR:process_memory_win.cc(73)] ReadMemory at 0x1db2e3c83d0 of 60 bytes failed: Only part of a ReadProcessMemory or WriteProcessMemory request was completed. (0x12B)
[0425/171642.122:ERROR:process_memory_win.cc(73)] ReadMemory at 0x1db2e3c84e0 of 132 bytes failed: Only part of a ReadProcessMemory or WriteProcessMemory request was completed. (0x12B)
[0425/171642.122:ERROR:process_memory_win.cc(73)] ReadMemory at 0x1db2e3c8870 of 132 bytes failed: Only part of a ReadProcessMemory or WriteProcessMemory request was completed. (0x12B)
[0425/171642.122:ERROR:process_memory_win.cc(73)] ReadMemory at 0x1db2e3c8f90 of 132 bytes failed: Only part of a ReadProcessMemory or WriteProcessMemory request was completed. (0x12B)
[0425/171642.122:ERROR:process_memory_win.cc(73)] ReadMemory at 0x1db2e3c9dd0 of 132 bytes failed: Only part of a ReadProcessMemory or WriteProcessMemory request was completed. (0x12B)
[0425/171642.122:ERROR:process_memory_win.cc(73)] ReadMemory at 0x1db2e3c9f00 of 132 bytes failed: Only part of a ReadProcessMemory or WriteProcessMemory request was completed. (0x12B)
[0425/171642.122:ERROR:process_memory_win.cc(73)] ReadMemory at 0x1db2e3d6330 of 512 bytes failed: Only part of a ReadProcessMemory or WriteProcessMemory request was completed. (0x12B)
[0425/171642.122:ERROR:process_memory_win.cc(73)] ReadMemory at 0x1db2e3e3360 of 512 bytes failed: Only part of a ReadProcessMemory or WriteProcessMemory request was completed. (0x12B)
[0425/171642.122:ERROR:process_memory_win.cc(73)] ReadMemory at 0x1db2e97ff80 of 512 bytes failed: Only part of a ReadProcessMemory or WriteProcessMemory request was completed. (0x12B)
[0425/171642.122:ERROR:process_memory_win.cc(73)] ReadMemory at 0x1db2e987f50 of 512 bytes failed: Only part of a ReadProcessMemory or WriteProcessMemory request was completed. (0x12B)
[0425/171642.122:ERROR:process_memory_win.cc(73)] ReadMemory at 0x1db2ea60000 of 384 bytes failed: Only part of a ReadProcessMemory or WriteProcessMemory request was completed. (0x12B)
[0425/171642.122:ERROR:process_memory_win.cc(73)] ReadMemory at 0x1db2ea71a30 of 512 bytes failed: Only part of a ReadProcessMemory or WriteProcessMemory request was completed. (0x12B)
[0425/171642.122:ERROR:process_memory_win.cc(73)] ReadMemory at 0x1db2ea7db10 of 512 bytes failed: Only part of a ReadProcessMemory or WriteProcessMemory request was completed. (0x12B)
[0425/171642.122:ERROR:process_memory_win.cc(73)] ReadMemory at 0x1db2ea90da0 of 512 bytes failed: Only part of a ReadProcessMemory or WriteProcessMemory request was completed. (0x12B)
[0425/171642.122:ERROR:process_memory_win.cc(73)] ReadMemory at 0x1db2ea968d0 of 512 bytes failed: Only part of a ReadProcessMemory or WriteProcessMemory request was completed. (0x12B)
[0425/171642.122:ERROR:process_memory_win.cc(73)] ReadMemory at 0x1db2ea96b10 of 512 bytes failed: Only part of a ReadProcessMemory or WriteProcessMemory request was completed. (0x12B)
[0425/171642.123:ERROR:process_memory_win.cc(73)] ReadMemory at 0x1db2eaa5180 of 512 bytes failed: Only part of a ReadProcessMemory or WriteProcessMemory request was completed. (0x12B)
[0425/171642.123:ERROR:process_memory_win.cc(73)] ReadMemory at 0x1db2eab3c20 of 512 bytes failed: Only part of a ReadProcessMemory or WriteProcessMemory request was completed. (0x12B)
[0425/171642.123:ERROR:process_memory_win.cc(73)] ReadMemory at 0x1db2eab94d0 of 512 bytes failed: Only part of a ReadProcessMemory or WriteProcessMemory request was completed. (0x12B)
[0425/171642.123:ERROR:process_memory_win.cc(73)] ReadMemory at 0x1db2eabca80 of 696 bytes failed: Only part of a ReadProcessMemory or WriteProcessMemory request was completed. (0x12B)
[0425/171642.123:ERROR:process_memory_win.cc(73)] ReadMemory at 0x1db2eabfa90 of 512 bytes failed: Only part of a ReadProcessMemory or WriteProcessMemory request was completed. (0x12B)
[0425/171642.123:ERROR:process_memory_win.cc(73)] ReadMemory at 0x1db2eac0c90 of 512 bytes failed: Only part of a ReadProcessMemory or WriteProcessMemory request was completed. (0x12B)
[0425/171642.123:ERROR:process_memory_win.cc(73)] ReadMemory at 0x1db2eac50a0 of 576 bytes failed: Only part of a ReadProcessMemory or WriteProcessMemory request was completed. (0x12B)
[0425/171642.123:ERROR:process_memory_win.cc(73)] ReadMemory at 0x1db2eacbf30 of 512 bytes failed: Only part of a ReadProcessMemory or WriteProcessMemory request was completed. (0x12B)
[0425/171642.123:ERROR:process_memory_win.cc(73)] ReadMemory at 0x1db307ff3c0 of 512 bytes failed: Only part of a ReadProcessMemory or WriteProcessMemory request was completed. (0x12B)
[0425/171642.123:ERROR:process_memory_win.cc(73)] ReadMemory at 0x1db308c7c90 of 512 bytes failed: Only part of a ReadProcessMemory or WriteProcessMemory request was completed. (0x12B)
[0425/171642.123:ERROR:process_memory_win.cc(73)] ReadMemory at 0x1db30905f80 of 512 bytes failed: Only part of a ReadProcessMemory or WriteProcessMemory request was completed. (0x12B)
[0425/171642.123:ERROR:process_memory_win.cc(73)] ReadMemory at 0x1db309065a0 of 528 bytes failed: Only part of a ReadProcessMemory or WriteProcessMemory request was completed. (0x12B)
[0425/171642.123:ERROR:process_memory_win.cc(73)] ReadMemory at 0x1db309b1c81 of 512 bytes failed: Only part of a ReadProcessMemory or WriteProcessMemory request was completed. (0x12B)
[0425/171642.123:ERROR:process_memory_win.cc(73)] ReadMemory at 0x1db30d6e550 of 512 bytes failed: Only part of a ReadProcessMemory or WriteProcessMemory request was completed. (0x12B)
[0425/171642.123:ERROR:process_memory_win.cc(73)] ReadMemory at 0x1db30ec3d30 of 512 bytes failed: Only part of a ReadProcessMemory or WriteProcessMemory request was completed. (0x12B)
[0425/171642.123:ERROR:process_memory_win.cc(73)] ReadMemory at 0x1db30f36900 of 512 bytes failed: Only part of a ReadProcessMemory or WriteProcessMemory request was completed. (0x12B)
[0425/171642.123:ERROR:process_memory_win.cc(73)] ReadMemory at 0x1db310de890 of 512 bytes failed: Only part of a ReadProcessMemory or WriteProcessMemory request was completed. (0x12B)
[0425/171642.125:ERROR:process_memory_win.cc(73)] ReadMemory at 0x1db310e4960 of 512 bytes failed: Only part of a ReadProcessMemory or WriteProcessMemory request was completed. (0x12B)
[0425/171642.125:ERROR:process_memory_win.cc(73)] ReadMemory at 0x1db310e5560 of 512 bytes failed: Only part of a ReadProcessMemory or WriteProcessMemory request was completed. (0x12B)
[0425/171642.126:ERROR:process_memory_win.cc(73)] ReadMemory at 0x1db33d1b658 of 512 bytes failed: Only part of a ReadProcessMemory or WriteProcessMemory request was completed. (0x12B)
[0425/171642.126:ERROR:process_memory_win.cc(73)] ReadMemory at 0x1db33d2a450 of 512 bytes failed: Only part of a ReadProcessMemory or WriteProcessMemory request was completed. (0x12B)
[0425/171642.126:ERROR:process_memory_win.cc(73)] ReadMemory at 0x1db33d443c0 of 512 bytes failed: Only part of a ReadProcessMemory or WriteProcessMemory request was completed. (0x12B)
[0425/171642.126:ERROR:process_memory_win.cc(73)] ReadMemory at 0x1db33e06100 of 512 bytes failed: Only part of a ReadProcessMemory or WriteProcessMemory request was completed. (0x12B)
[0425/171642.126:ERROR:process_memory_win.cc(73)] ReadMemory at 0x1db33e34090 of 512 bytes failed: Only part of a ReadProcessMemory or WriteProcessMemory request was completed. (0x12B)
[0425/171642.126:ERROR:process_memory_win.cc(73)] ReadMemory at 0x443c673800b8 of 512 bytes failed: Only part of a ReadProcessMemory or WriteProcessMemory request was completed. (0x12B)
[0425/171642.126:ERROR:process_memory_win.cc(73)] ReadMemory at 0x7ff92494a673 of 512 bytes failed: Only part of a ReadProcessMemory or WriteProcessMemory request was completed. (0x12B)
[0425/171642.126:ERROR:process_memory_win.cc(73)] ReadMemory at 0x7ff924b83ef9 of 512 bytes failed: Only part of a ReadProcessMemory or WriteProcessMemory request was completed. (0x12B)
[0425/171642.128:ERROR:scoped_process_suspend.cc(40)] NtResumeProcess: An attempt was made to access an exiting process. (0xc000010a)
